SF:lib\core\common\app_constants.dart
DA:4,0
DA:5,0
DA:7,0
DA:8,0
DA:10,0
DA:11,0
DA:13,3
DA:14,2
DA:18,0
DA:20,0
DA:21,0
DA:22,0
DA:26,0
DA:28,0
DA:29,0
DA:30,0
DA:35,0
DA:37,0
DA:41,1
DA:43,1
DA:44,1
DA:46,1
LF:22
LH:6
end_of_record
SF:lib\data\data_sources\local\auth_local_data_source.dart
DA:13,1
DA:15,1
DA:16,2
DA:17,2
DA:20,2
DA:23,1
DA:25,2
DA:26,2
DA:27,2
DA:35,1
DA:36,2
DA:37,2
DA:41,2
DA:44,1
DA:46,2
DA:47,2
DA:49,2
DA:50,1
DA:51,2
DA:52,1
DA:59,1
DA:60,2
DA:61,2
DA:64,1
DA:65,2
DA:66,2
DA:69,1
DA:71,2
DA:72,2
DA:73,2
DA:75,2
DA:76,2
DA:77,2
LF:33
LH:33
end_of_record
SF:lib\data\models\base_error_response.dart
DA:12,19
DA:17,1
DA:18,1
DA:20,2
DA:22,1
DA:23,3
LF:6
LH:6
end_of_record
SF:lib\data\models\generated\base_error_response.g.dart
DA:9,1
DA:10,1
DA:11,1
DA:12,1
DA:13,3
DA:14,1
DA:17,1
DA:18,1
DA:19,1
DA:20,5
LF:10
LH:10
end_of_record
SF:lib\data\models\base_list_response.dart
DA:12,20
DA:17,2
DA:21,2
DA:23,1
DA:24,1
DA:26,1
DA:27,3
LF:7
LH:7
end_of_record
SF:lib\data\models\generated\base_list_response.g.dart
DA:9,2
DA:13,2
DA:14,4
DA:15,6
DA:18,1
DA:22,1
DA:23,2
DA:24,3
LF:8
LH:8
end_of_record
SF:lib\data\models\error_detail_response.dart
DA:12,20
DA:18,2
DA:19,2
DA:21,4
DA:23,2
DA:24,8
LF:6
LH:6
end_of_record
SF:lib\data\models\generated\error_detail_response.g.dart
DA:9,2
DA:10,2
DA:11,2
DA:12,2
DA:13,2
DA:16,2
DA:18,2
DA:19,2
DA:20,2
DA:21,2
LF:10
LH:10
end_of_record
SF:lib\data\models\meta_response.dart
DA:12,21
DA:18,3
DA:19,3
DA:21,4
DA:23,2
DA:24,8
LF:6
LH:6
end_of_record
SF:lib\data\models\generated\meta_response.g.dart
DA:9,6
DA:10,6
DA:11,6
DA:12,6
DA:15,2
DA:16,2
DA:17,2
DA:18,2
DA:19,2
LF:9
LH:9
end_of_record
SF:lib\data\models\token_model.dart
DA:11,20
DA:16,2
DA:17,2
DA:19,2
DA:21,2
DA:22,6
LF:6
LH:6
end_of_record
SF:lib\data\models\generated\token_model.g.dart
DA:9,4
DA:10,2
DA:11,2
DA:14,1
DA:15,1
DA:16,1
DA:17,1
LF:7
LH:7
end_of_record
SF:lib\data\models\user_model.dart
DA:14,44
DA:21,5
DA:22,5
DA:24,2
DA:25,2
DA:26,2
DA:27,2
DA:28,2
DA:29,2
DA:33,6
DA:35,3
DA:36,3
DA:37,3
DA:38,3
DA:39,3
DA:40,3
DA:44,6
DA:45,30
LF:18
LH:18
end_of_record
SF:lib\data\models\generated\user_model.g.dart
DA:9,10
DA:10,10
DA:11,5
DA:12,5
DA:13,5
DA:16,6
DA:17,3
DA:18,3
DA:19,3
DA:20,3
LF:10
LH:10
end_of_record
SF:lib\data\models\user_payload.dart
DA:13,19
DA:20,1
DA:21,1
DA:23,4
DA:25,1
DA:26,5
LF:6
LH:6
end_of_record
SF:lib\data\models\generated\user_payload.g.dart
DA:9,2
DA:10,1
DA:11,1
DA:12,1
DA:13,1
DA:16,2
DA:17,2
DA:18,2
DA:19,2
DA:20,2
DA:21,2
LF:11
LH:11
end_of_record
SF:lib\data\models\generated\user_type.g.dart
DA:13,0
DA:15,0
DA:16,0
DA:17,0
DA:19,0
DA:20,0
DA:21,0
DA:22,0
DA:23,0
DA:27,0
DA:30,0
DA:31,0
DA:32,0
DA:33,0
DA:34,0
DA:35,0
DA:36,0
DA:37,0
DA:38,0
DA:41,0
DA:42,0
DA:44,0
DA:47,0
DA:48,0
DA:49,0
LF:25
LH:0
end_of_record
SF:lib\data\models\user_type.dart
DA:17,21
DA:24,2
DA:25,10
LF:3
LH:3
end_of_record
SF:lib\core\common\failures.dart
DA:8,29
DA:10,2
DA:11,6
DA:15,21
DA:19,11
DA:23,0
DA:27,0
LF:7
LH:5
end_of_record
SF:lib\core\common\network_info.dart
DA:8,0
DA:10,0
DA:11,0
DA:12,0
DA:13,0
DA:16,0
DA:17,0
DA:18,0
DA:19,0
DA:20,0
DA:21,0
DA:24,0
LF:12
LH:0
end_of_record
SF:lib\core\common\token_manager.dart
DA:4,0
DA:5,0
LF:2
LH:0
end_of_record
SF:lib\core\services\api_service.dart
DA:18,0
DA:19,0
DA:20,0
DA:23,0
DA:24,0
DA:25,0
DA:26,0
DA:27,0
DA:28,0
DA:29,0
DA:35,0
DA:36,0
DA:38,0
DA:39,0
DA:53,0
DA:54,0
DA:55,0
DA:56,0
DA:57,0
DA:59,0
DA:60,0
DA:62,0
DA:67,0
DA:68,0
DA:72,0
DA:74,0
DA:75,0
DA:77,0
DA:82,0
DA:83,0
DA:89,0
DA:98,0
DA:100,0
DA:102,0
DA:106,0
DA:107,0
DA:115,0
DA:118,0
DA:123,0
DA:129,0
DA:137,0
DA:144,0
DA:153,0
DA:160,0
DA:169,0
DA:176,0
DA:185,0
DA:192,0
DA:201,0
DA:208,0
DA:217,0
DA:224,0
DA:233,0
DA:240,0
LF:54
LH:0
end_of_record
SF:lib\data\data_sources\local\db\users_db.dart
DA:7,1
DA:9,1
DA:10,2
DA:11,2
DA:12,4
DA:14,1
DA:17,1
DA:18,3
LF:8
LH:8
end_of_record
SF:lib\data\data_sources\local\user_local_data_source.dart
DA:7,1
DA:9,1
DA:10,6
DA:13,1
DA:14,2
DA:15,4
LF:6
LH:6
end_of_record
SF:lib\data\data_sources\remote\auth_remote_data_source.dart
DA:8,1
DA:10,1
DA:11,2
DA:12,3
DA:16,1
DA:17,1
DA:18,2
DA:23,3
DA:27,1
DA:28,2
DA:30,1
DA:33,3
LF:12
LH:12
end_of_record
SF:lib\data\data_sources\remote\user_remote_data_source.dart
DA:9,1
DA:11,1
DA:12,2
DA:13,1
DA:14,1
DA:15,2
DA:17,1
DA:20,1
DA:21,3
DA:22,3
DA:26,1
DA:27,2
DA:29,1
DA:31,3
LF:14
LH:14
end_of_record
SF:lib\data\repositories\auth_repository.dart
DA:15,1
DA:17,1
DA:22,2
DA:23,2
DA:25,1
DA:26,1
DA:27,3
DA:31,1
DA:32,2
DA:35,2
DA:39,2
DA:43,2
DA:44,2
DA:45,1
DA:47,2
DA:52,2
DA:55,1
DA:58,2
DA:61,2
DA:66,2
DA:67,2
DA:69,2
DA:70,2
DA:72,1
DA:73,1
DA:74,2
DA:79,1
DA:80,2
LF:28
LH:28
end_of_record
SF:lib\data\repositories\user_repository.dart
DA:13,1
DA:15,1
DA:17,2
DA:18,2
DA:19,1
DA:20,1
DA:21,3
DA:25,1
DA:26,2
DA:30,1
DA:32,2
DA:33,1
DA:34,1
DA:35,3
DA:39,1
DA:41,2
DA:42,1
DA:43,1
DA:44,3
LF:19
LH:19
end_of_record
SF:lib\presentation\controllers\home_controller.dart
DA:12,1
DA:14,1
DA:16,1
DA:17,1
DA:22,1
DA:23,2
DA:26,2
DA:27,1
DA:28,2
DA:29,2
DA:30,3
DA:31,2
DA:32,1
DA:33,1
DA:34,3
DA:37,2
DA:42,2
DA:45,1
DA:46,4
DA:47,4
LF:20
LH:20
end_of_record
SF:lib\core\common\app_binding.dart
DA:25,0
DA:28,0
DA:29,0
DA:30,0
DA:31,0
DA:32,0
DA:33,0
DA:34,0
DA:35,0
DA:38,0
DA:39,0
DA:40,0
DA:41,0
DA:44,0
DA:47,0
DA:50,0
DA:51,0
DA:52,0
DA:53,0
DA:54,0
DA:57,0
DA:58,0
DA:61,0
DA:62,0
LF:24
LH:0
end_of_record
SF:lib\core\common\interceptors.dart
DA:8,0
DA:10,0
DA:15,0
DA:16,0
DA:18,0
DA:19,0
DA:21,0
LF:7
LH:0
end_of_record
SF:lib\presentation\controllers\auth_controller.dart
DA:8,1
DA:10,1
DA:12,1
DA:13,1
DA:18,1
DA:19,2
DA:20,2
DA:21,2
DA:22,2
DA:23,1
DA:24,2
DA:25,2
LF:12
LH:12
end_of_record
SF:lib\presentation\controllers\connectivity_controller.dart
DA:7,1
DA:9,1
DA:11,1
DA:12,1
DA:17,1
DA:18,4
DA:19,2
LF:7
LH:7
end_of_record
SF:lib\core\common\app_fakes.dart
DA:4,0
DA:5,0
DA:7,0
DA:8,0
DA:12,0
DA:14,0
DA:25,0
DA:27,0
DA:28,0
DA:30,0
LF:10
LH:0
end_of_record
SF:lib\core\common\app_localizations.dart
DA:6,0
DA:7,0
DA:8,0
DA:9,0
DA:10,0
DA:11,0
DA:12,0
DA:13,0
DA:14,0
DA:15,0
DA:16,0
DA:20,0
DA:21,0
DA:22,0
DA:23,0
DA:24,0
DA:25,0
DA:26,0
DA:27,0
DA:28,0
DA:29,0
DA:30,0
DA:31,0
DA:32,0
LF:24
LH:0
end_of_record
SF:lib\core\common\exceptions.dart
DA:7,2
DA:16,0
LF:2
LH:1
end_of_record
SF:lib\core\common\utils.dart
DA:13,0
DA:14,0
DA:16,0
DA:17,0
DA:19,0
DA:20,0
DA:23,0
DA:26,0
DA:27,0
DA:34,0
DA:35,0
DA:45,0
DA:46,0
DA:52,4
DA:54,8
DA:57,20
DA:58,0
LF:17
LH:3
end_of_record
SF:lib\presentation\widgets\no_internet_bottom_sheet.dart
DA:9,20
DA:11,0
DA:13,0
DA:14,0
DA:15,0
DA:16,0
DA:17,0
DA:19,0
DA:20,0
DA:21,0
DA:22,0
DA:24,0
DA:28,0
DA:29,0
DA:31,0
DA:32,0
DA:36,0
DA:37,0
DA:39,0
DA:40,0
LF:20
LH:1
end_of_record
SF:lib\core\extensions\date_time_ext.dart
DA:5,0
DA:6,0
DA:7,0
DA:10,0
DA:11,0
DA:12,0
DA:15,0
DA:16,0
DA:17,0
DA:20,0
DA:21,0
DA:22,0
DA:25,0
DA:26,0
DA:27,0
DA:30,0
DA:31,0
DA:36,0
DA:38,0
DA:39,0
DA:42,0
DA:44,0
DA:45,0
DA:48,0
DA:50,0
DA:51,0
DA:54,0
DA:56,0
DA:57,0
DA:60,0
DA:62,0
DA:63,0
DA:66,0
DA:68,0
LF:34
LH:0
end_of_record
SF:lib\core\routes\app_pages.dart
DA:14,0
DA:18,0
DA:19,0
DA:21,0
DA:22,0
DA:24,0
DA:26,0
DA:27,0
DA:29,0
DA:31,0
DA:32,0
DA:34,0
DA:36,0
DA:37,0
LF:14
LH:0
end_of_record
SF:lib\presentation\bindings\login_binding.dart
DA:5,0
DA:7,0
LF:2
LH:0
end_of_record
SF:lib\presentation\bindings\user_binding.dart
DA:6,0
DA:8,0
DA:9,0
LF:3
LH:0
end_of_record
SF:lib\presentation\pages\create_user_page.dart
DA:13,20
DA:15,0
DA:17,0
DA:18,0
DA:19,0
DA:20,0
DA:23,0
DA:24,0
DA:26,0
DA:27,0
DA:28,0
DA:29,0
DA:30,0
DA:31,0
DA:32,0
DA:33,0
DA:34,0
DA:36,0
DA:43,0
DA:44,0
DA:45,0
DA:46,0
DA:48,0
DA:50,0
DA:51,0
DA:52,0
DA:53,0
DA:54,0
DA:58,0
DA:59,0
DA:60,0
DA:61,0
DA:62,0
DA:63,0
DA:69,0
DA:70,0
DA:71,0
DA:72,0
DA:76,0
DA:77,0
DA:78,0
DA:79,0
DA:80,0
DA:81,0
DA:87,0
DA:88,0
DA:89,0
DA:90,0
DA:94,0
DA:95,0
DA:96,0
DA:97,0
DA:98,0
DA:99,0
DA:105,0
DA:106,0
DA:107,0
DA:108,0
DA:112,0
DA:113,0
DA:114,0
DA:115,0
DA:116,0
DA:117,0
LF:64
LH:1
end_of_record
SF:lib\presentation\pages\login_page.dart
DA:13,20
DA:15,0
DA:17,0
DA:18,0
DA:19,0
DA:22,0
DA:23,0
DA:25,0
DA:28,0
DA:29,0
DA:30,0
DA:33,0
DA:34,0
DA:35,0
DA:36,0
DA:37,0
DA:39,0
DA:44,0
DA:46,0
DA:47,0
DA:48,0
DA:50,0
DA:52,0
DA:53,0
DA:54,0
DA:55,0
DA:56,0
DA:57,0
DA:61,0
DA:62,0
DA:63,0
DA:65,0
DA:66,0
DA:67,0
DA:68,0
DA:71,0
DA:72,0
DA:73,0
DA:75,0
DA:76,0
DA:77,0
DA:84,0
DA:86,0
DA:88,0
DA:89,0
DA:90,0
DA:95,0
DA:96,0
DA:97,0
DA:99,0
DA:100,0
DA:101,0
DA:109,0
DA:110,0
DA:111,0
DA:112,0
DA:113,0
DA:114,0
DA:115,0
DA:118,0
LF:60
LH:1
end_of_record
SF:lib\presentation\pages\user_detail_page.dart
DA:10,20
DA:12,0
DA:14,0
DA:15,0
DA:16,0
DA:17,0
DA:19,0
DA:20,0
DA:21,0
DA:22,0
DA:23,0
DA:24,0
DA:25,0
DA:28,0
DA:29,0
DA:30,0
DA:31,0
DA:32,0
DA:33,0
DA:34,0
DA:38,0
DA:39,0
DA:40,0
DA:41,0
DA:42,0
DA:43,0
LF:26
LH:1
end_of_record
SF:lib\presentation\bindings\home_binding.dart
DA:6,0
DA:8,0
LF:2
LH:0
end_of_record
SF:lib\presentation\pages\home_page.dart
DA:13,20
DA:15,0
DA:17,0
DA:18,0
DA:19,0
DA:20,0
DA:21,0
DA:24,0
DA:25,0
DA:27,0
DA:28,0
DA:29,0
DA:30,0
DA:31,0
DA:33,0
DA:38,0
DA:39,0
DA:40,0
DA:41,0
DA:43,0
DA:45,0
DA:48,0
DA:49,0
DA:50,0
DA:52,0
DA:54,0
DA:55,0
DA:58,0
DA:59,0
DA:60,0
DA:67,0
DA:68,0
DA:71,0
DA:72,0
DA:73,0
DA:74,0
DA:77,0
DA:78,0
DA:79,0
DA:80,0
DA:81,0
DA:82,0
DA:84,0
DA:89,0
DA:90,0
DA:93,0
DA:94,0
DA:95,0
DA:96,0
DA:97,0
LF:50
LH:1
end_of_record
SF:lib\core\styles\app_colors.dart
DA:4,0
DA:6,0
DA:7,0
DA:8,0
DA:9,0
DA:10,0
DA:11,0
DA:12,0
DA:13,0
DA:14,0
DA:15,0
DA:17,0
DA:18,0
DA:19,0
DA:20,0
DA:21,0
DA:23,0
DA:24,0
DA:25,0
DA:26,0
DA:27,0
DA:29,0
DA:30,0
DA:31,0
DA:32,0
DA:33,0
DA:34,0
DA:35,0
DA:36,0
DA:39,0
DA:40,0
DA:41,0
DA:42,0
DA:43,0
DA:44,0
DA:45,0
DA:46,0
LF:37
LH:0
end_of_record
SF:lib\core\styles\app_fonts.dart
DA:4,0
DA:7,0
DA:8,0
DA:9,0
DA:14,0
DA:15,0
DA:16,0
DA:21,0
DA:22,0
DA:23,0
DA:28,0
DA:29,0
DA:30,0
DA:35,0
DA:36,0
DA:37,0
DA:42,0
DA:43,0
DA:44,0
DA:49,0
DA:50,0
DA:51,0
DA:56,0
DA:57,0
DA:58,0
DA:63,0
DA:64,0
DA:65,0
DA:70,0
DA:71,0
DA:72,0
DA:77,0
DA:78,0
DA:79,0
DA:84,0
DA:85,0
DA:86,0
DA:91,0
DA:92,0
DA:93,0
DA:100,0
DA:102,0
DA:103,0
DA:104,0
DA:105,0
DA:106,0
DA:107,0
DA:108,0
DA:109,0
DA:110,0
DA:111,0
DA:112,0
LF:52
LH:0
end_of_record
SF:lib\presentation\controllers\login_controller.dart
DA:12,1
DA:14,1
DA:16,2
DA:17,2
DA:18,1
DA:28,1
DA:29,2
DA:31,2
DA:32,2
DA:33,2
DA:34,2
DA:36,1
DA:37,2
DA:38,0
DA:40,2
DA:41,3
DA:42,0
DA:45,1
DA:46,2
DA:47,2
DA:48,2
LF:21
LH:19
end_of_record
SF:lib\presentation\controllers\create_user_controller.dart
DA:12,1
DA:14,1
DA:16,2
DA:17,2
DA:18,2
DA:19,2
DA:20,1
DA:32,1
DA:33,2
DA:35,2
DA:36,2
DA:37,2
DA:38,2
DA:40,1
DA:41,2
DA:42,0
DA:44,2
DA:45,3
DA:46,0
DA:49,1
DA:50,2
DA:51,2
DA:52,2
LF:23
LH:21
end_of_record
SF:lib\presentation\controllers\user_controller.dart
DA:9,1
DA:11,1
DA:13,1
DA:14,1
DA:19,1
DA:20,2
DA:22,3
DA:23,2
DA:24,1
DA:25,2
DA:26,2
DA:27,1
DA:28,2
LF:13
LH:13
end_of_record
SF:lib\presentation\widgets\app_error_bottom_sheet.dart
DA:9,0
DA:11,0
DA:13,0
DA:14,0
DA:15,0
DA:16,0
DA:17,0
DA:18,0
DA:20,0
DA:24,0
DA:25,0
DA:27,0
DA:30,0
DA:34,0
DA:35,0
LF:15
LH:0
end_of_record
SF:lib\presentation\widgets\app_button.dart
DA:20,0
DA:34,0
DA:48,0
DA:50,0
DA:51,0
DA:52,0
DA:55,0
DA:58,0
DA:59,0
DA:60,0
DA:61,0
DA:62,0
DA:63,0
DA:64,0
DA:65,0
DA:66,0
DA:67,0
DA:68,0
DA:69,0
DA:70,0
DA:71,0
DA:74,0
DA:75,0
DA:76,0
DA:79,0
DA:80,0
DA:81,0
DA:85,0
DA:86,0
DA:87,0
DA:88,0
DA:96,0
DA:97,0
DA:98,0
DA:99,0
DA:100,0
DA:102,0
DA:103,0
DA:104,0
DA:105,0
DA:106,0
DA:107,0
DA:109,0
DA:110,0
DA:113,0
DA:115,0
DA:116,0
DA:117,0
DA:120,0
DA:121,0
DA:122,0
DA:126,0
DA:127,0
DA:128,0
DA:129,0
LF:55
LH:0
end_of_record
SF:lib\presentation\widgets\app_input.dart
DA:25,0
DA:43,0
DA:61,0
DA:79,0
DA:97,0
DA:115,0
DA:116,0
DA:127,0
DA:128,0
DA:129,0
DA:130,0
DA:131,0
DA:132,0
DA:137,0
DA:138,0
DA:139,0
DA:140,0
DA:145,0
DA:147,0
DA:148,0
DA:149,0
DA:152,0
DA:154,0
DA:155,0
DA:156,0
DA:159,0
DA:161,0
DA:163,0
DA:164,0
DA:165,0
DA:166,0
DA:167,0
DA:168,0
DA:169,0
DA:170,0
DA:172,0
DA:176,0
DA:177,0
DA:178,0
DA:179,0
DA:180,0
DA:181,0
DA:182,0
DA:183,0
DA:184,0
DA:185,0
DA:186,0
DA:187,0
DA:188,0
DA:189,0
DA:191,0
DA:194,0
DA:195,0
DA:196,0
DA:197,0
DA:198,0
DA:199,0
DA:201,0
DA:202,0
DA:207,0
DA:208,0
DA:209,0
DA:210,0
DA:211,0
DA:213,0
DA:214,0
DA:220,0
DA:221,0
DA:222,0
DA:223,0
DA:224,0
DA:225,0
DA:226,0
DA:227,0
DA:228,0
DA:230,0
DA:232,0
DA:233,0
DA:234,0
DA:235,0
DA:236,0
DA:238,0
DA:241,0
DA:242,0
DA:243,0
DA:244,0
DA:245,0
DA:246,0
DA:247,0
DA:248,0
DA:249,0
DA:250,0
DA:252,0
DA:254,0
DA:255,0
DA:260,0
DA:261,0
DA:262,0
DA:263,0
DA:264,0
DA:265,0
DA:266,0
DA:269,0
DA:270,0
DA:271,0
DA:281,0
DA:282,0
DA:283,0
DA:284,0
DA:285,0
DA:286,0
DA:287,0
DA:288,0
DA:292,0
DA:293,0
DA:295,0
DA:298,0
DA:299,0
DA:300,0
DA:301,0
DA:302,0
DA:303,0
DA:304,0
DA:305,0
DA:306,0
DA:307,0
DA:309,0
DA:317,0
DA:318,0
DA:319,0
DA:320,0
DA:321,0
DA:323,0
DA:325,0
DA:326,0
DA:327,0
DA:328,0
DA:330,0
DA:333,0
DA:334,0
DA:335,0
DA:336,0
DA:337,0
DA:338,0
DA:339,0
DA:340,0
DA:341,0
DA:342,0
DA:344,0
DA:346,0
DA:347,0
DA:348,0
DA:349,0
DA:353,0
DA:354,0
DA:359,0
DA:360,0
DA:361,0
DA:362,0
DA:363,0
DA:364,0
DA:365,0
DA:367,0
DA:369,0
DA:370,0
DA:374,0
DA:377,0
DA:385,0
DA:386,0
DA:387,0
DA:388,0
DA:389,0
DA:391,0
DA:393,0
DA:394,0
DA:395,0
DA:396,0
DA:398,0
DA:401,0
DA:402,0
DA:403,0
DA:404,0
DA:405,0
DA:406,0
DA:407,0
DA:408,0
DA:409,0
DA:410,0
DA:412,0
DA:414,0
DA:415,0
DA:420,0
DA:421,0
DA:422,0
DA:423,0
DA:424,0
DA:425,0
DA:426,0
DA:427,0
DA:429,0
DA:430,0
DA:434,0
DA:437,0
LF:203
LH:0
end_of_record
SF:lib\presentation\widgets\app_refresh_layout.dart
DA:8,0
DA:14,0
DA:16,0
DA:17,0
DA:18,0
DA:19,0
DA:20,0
DA:21,0
DA:25,0
DA:26,0
DA:27,0
LF:11
LH:0
end_of_record
SF:lib\presentation\widgets\app_skeletonizer.dart
DA:12,0
DA:21,0
DA:23,0
DA:24,0
DA:25,0
DA:26,0
DA:28,0
DA:29,0
DA:30,0
DA:33,0
DA:34,0
LF:11
LH:0
end_of_record
SF:lib\presentation\widgets\user_tile.dart
DA:10,0
DA:16,0
DA:18,0
DA:19,0
DA:20,0
DA:21,0
DA:22,0
DA:23,0
DA:24,0
DA:25,0
DA:30,0
DA:31,0
DA:32,0
DA:34,0
DA:36,0
DA:37,0
DA:38,0
DA:39,0
DA:42,0
DA:43,0
DA:44,0
DA:45,0
LF:22
LH:0
end_of_record
SF:lib\presentation\widgets\app_bottom_sheet.dart
DA:7,0
DA:12,0
DA:14,0
DA:15,0
DA:16,0
DA:18,0
DA:20,0
DA:22,0
DA:23,0
DA:28,0
DA:31,0
DA:32,0
DA:33,0
DA:36,0
DA:37,0
DA:38,0
DA:43,0
LF:17
LH:0
end_of_record
SF:lib\core\routes\app_routes.dart
LF:0
LH:0
end_of_record
