SF:lib\core\common\app_constants.dart
DA:4,0
DA:5,0
DA:7,0
DA:8,0
DA:10,0
DA:11,0
DA:13,3
DA:14,2
DA:18,0
DA:20,0
DA:21,0
DA:22,0
DA:26,0
DA:28,0
DA:29,0
DA:30,0
DA:35,0
DA:37,0
DA:41,1
DA:43,1
DA:44,1
DA:46,1
LF:22
LH:6
end_of_record
SF:lib\data\data_sources\local\auth_local_data_source.dart
DA:13,1
DA:15,1
DA:16,2
DA:17,2
DA:20,2
DA:23,1
DA:25,2
DA:26,2
DA:27,2
DA:35,1
DA:36,2
DA:37,2
DA:41,2
DA:44,1
DA:46,2
DA:47,2
DA:49,2
DA:50,1
DA:51,2
DA:52,1
DA:59,1
DA:60,2
DA:61,2
DA:64,1
DA:65,2
DA:66,2
DA:69,1
DA:71,2
DA:72,2
DA:73,2
DA:75,2
DA:76,2
DA:77,2
LF:33
LH:33
end_of_record
SF:lib\data\models\base_error_response.dart
DA:12,3
DA:17,1
DA:18,1
DA:20,2
DA:22,1
DA:23,3
LF:6
LH:6
end_of_record
SF:lib\data\models\generated\base_error_response.g.dart
DA:9,1
DA:10,1
DA:11,1
DA:12,1
DA:13,3
DA:14,1
DA:17,1
DA:18,1
DA:19,1
DA:20,5
LF:10
LH:10
end_of_record
SF:lib\data\models\base_list_response.dart
DA:12,2
DA:17,2
DA:21,2
DA:23,1
DA:24,1
DA:26,1
DA:27,3
LF:7
LH:7
end_of_record
SF:lib\data\models\generated\base_list_response.g.dart
DA:9,2
DA:13,2
DA:14,4
DA:15,6
DA:18,1
DA:22,1
DA:23,2
DA:24,3
LF:8
LH:8
end_of_record
SF:lib\data\models\error_detail_response.dart
DA:12,4
DA:18,2
DA:19,2
DA:21,4
DA:23,2
DA:24,8
LF:6
LH:6
end_of_record
SF:lib\data\models\generated\error_detail_response.g.dart
DA:9,2
DA:10,2
DA:11,2
DA:12,2
DA:13,2
DA:16,2
DA:18,2
DA:19,2
DA:20,2
DA:21,2
LF:10
LH:10
end_of_record
SF:lib\data\models\meta_response.dart
DA:12,3
DA:18,3
DA:19,3
DA:21,4
DA:23,2
DA:24,8
LF:6
LH:6
end_of_record
SF:lib\data\models\generated\meta_response.g.dart
DA:9,6
DA:10,6
DA:11,6
DA:12,6
DA:15,2
DA:16,2
DA:17,2
DA:18,2
DA:19,2
LF:9
LH:9
end_of_record
SF:lib\data\models\token_model.dart
DA:11,4
DA:16,2
DA:17,2
DA:19,2
DA:21,2
DA:22,6
LF:6
LH:6
end_of_record
SF:lib\data\models\generated\token_model.g.dart
DA:9,4
DA:10,2
DA:11,2
DA:14,1
DA:15,1
DA:16,1
DA:17,1
LF:7
LH:7
end_of_record
SF:lib\data\models\user_model.dart
DA:14,8
DA:21,5
DA:22,5
DA:24,2
DA:25,2
DA:26,2
DA:27,2
DA:28,2
DA:29,2
DA:33,6
DA:35,2
DA:36,2
DA:37,2
DA:38,2
DA:39,2
DA:40,2
DA:44,6
DA:45,30
LF:18
LH:18
end_of_record
SF:lib\data\models\generated\user_model.g.dart
DA:9,10
DA:10,10
DA:11,5
DA:12,5
DA:13,5
DA:16,6
DA:17,3
DA:18,3
DA:19,3
DA:20,3
LF:10
LH:10
end_of_record
SF:lib\data\models\user_payload.dart
DA:13,4
DA:20,1
DA:21,1
DA:23,4
DA:25,1
DA:26,5
LF:6
LH:6
end_of_record
SF:lib\data\models\generated\user_payload.g.dart
DA:9,2
DA:10,1
DA:11,1
DA:12,1
DA:13,1
DA:16,2
DA:17,2
DA:18,2
DA:19,2
DA:20,2
DA:21,2
LF:11
LH:11
end_of_record
SF:lib\data\models\generated\user_type.g.dart
DA:13,0
DA:15,0
DA:16,0
DA:17,0
DA:19,0
DA:20,0
DA:21,0
DA:22,0
DA:23,0
DA:27,0
DA:30,0
DA:31,0
DA:32,0
DA:33,0
DA:34,0
DA:35,0
DA:36,0
DA:37,0
DA:38,0
DA:41,0
DA:42,0
DA:44,0
DA:47,0
DA:48,0
DA:49,0
LF:25
LH:0
end_of_record
SF:lib\data\models\user_type.dart
DA:17,2
DA:24,2
DA:25,10
LF:3
LH:3
end_of_record
SF:lib\core\common\failures.dart
DA:8,2
DA:10,2
DA:11,6
DA:15,2
DA:21,4
DA:27,0
DA:31,0
LF:7
LH:5
end_of_record
SF:lib\core\common\token_manager.dart
DA:4,0
DA:5,0
LF:2
LH:0
end_of_record
SF:lib\data\data_sources\local\db\boxes\users_box.dart
DA:6,0
DA:7,0
DA:10,0
DA:12,0
DA:13,0
DA:20,0
DA:21,0
LF:7
LH:0
end_of_record
SF:lib\data\data_sources\local\user_local_data_source.dart
DA:7,1
DA:9,1
DA:10,6
DA:13,1
DA:14,2
DA:15,4
LF:6
LH:6
end_of_record
SF:lib\data\data_sources\remote\auth_remote_data_source.dart
DA:8,1
DA:10,1
DA:11,2
DA:12,3
DA:16,1
DA:17,1
DA:18,2
DA:23,3
DA:27,1
DA:28,2
DA:30,1
DA:33,3
LF:12
LH:12
end_of_record
SF:lib\data\data_sources\remote\services\api_service.dart
DA:18,0
DA:19,0
DA:20,0
DA:23,0
DA:24,0
DA:25,0
DA:26,0
DA:27,0
DA:28,0
DA:29,0
DA:35,0
DA:36,0
DA:38,0
DA:39,0
DA:53,0
DA:54,0
DA:55,0
DA:56,0
DA:57,0
DA:59,0
DA:60,0
DA:62,0
DA:67,0
DA:68,0
DA:72,0
DA:74,0
DA:75,0
DA:77,0
DA:82,0
DA:83,0
DA:89,0
DA:98,0
DA:100,0
DA:102,0
DA:106,0
DA:107,0
DA:115,0
DA:118,0
DA:123,0
DA:129,0
DA:137,0
DA:144,0
DA:153,0
DA:160,0
DA:169,0
DA:176,0
DA:185,0
DA:192,0
DA:201,0
DA:208,0
DA:217,0
DA:224,0
DA:233,0
DA:240,0
LF:54
LH:0
end_of_record
SF:lib\data\data_sources\remote\user_remote_data_source.dart
DA:10,1
DA:12,1
DA:13,2
DA:15,2
DA:16,1
DA:17,1
DA:18,2
DA:20,1
DA:22,0
DA:23,0
DA:24,0
DA:29,1
DA:30,3
DA:31,3
DA:35,1
DA:36,2
DA:38,1
DA:40,3
LF:18
LH:15
end_of_record
SF:lib\data\repositories\auth_repository.dart
DA:15,1
DA:17,1
DA:22,2
DA:23,2
DA:25,1
DA:26,1
DA:27,3
DA:31,1
DA:32,2
DA:35,2
DA:36,2
DA:39,2
DA:42,0
DA:43,0
DA:45,0
DA:48,2
DA:51,1
DA:54,2
DA:57,2
DA:58,2
DA:62,2
DA:63,2
DA:65,2
DA:66,2
DA:68,1
DA:69,1
DA:70,2
DA:71,2
DA:75,1
DA:76,2
LF:30
LH:27
end_of_record
SF:lib\data\repositories\user_repository.dart
DA:13,1
DA:15,1
DA:17,2
DA:18,2
DA:19,1
DA:20,1
DA:21,3
DA:25,1
DA:26,2
DA:30,1
DA:32,2
DA:33,1
DA:34,1
DA:35,3
DA:39,1
DA:41,2
DA:42,1
DA:43,1
DA:44,3
LF:19
LH:19
end_of_record
SF:lib\core\common\exceptions.dart
DA:8,2
DA:11,4
DA:17,0
LF:3
LH:2
end_of_record
SF:lib\core\common\interceptors.dart
DA:8,0
DA:10,0
DA:15,0
DA:16,0
DA:18,0
DA:19,0
DA:21,0
LF:7
LH:0
end_of_record
